<?xml version="1.0" encoding="UTF-8"?>
<!-- Generated by org.testng.reporters.JUnitReportReporter -->
<testsuite hostname="KADITPC062024-1" failures="0" tests="1" name="sevilai_Test.Login_arialabel" time="58.162" errors="0" timestamp="2024-11-06T18:44:43 IST" skipped="0">
  <testcase classname="sevilai_Test.Login_arialabel" name="testLogin" time="58.162"/>
</testsuite> <!-- sevilai_Test.Login_arialabel -->
