<?xml version="1.0" encoding="UTF-8"?>
<!-- Generated by org.testng.reporters.JUnitReportReporter -->
<testsuite hostname="KADITPC062024-1" failures="0" tests="2" name="sevilai_Test.Passenger_Edit" time="35.052" errors="0" timestamp="2025-01-06T14:45:44 IST" skipped="0">
  <testcase classname="sevilai_Test.Passenger_Edit" name="passengeredit" time="28.270">
    <system-out>
      <![CDATA[PASSED: Company page is successfully loaded with URL: https://staging.sevilaitech.app/home/company
PASSED: Edit button clicked for the company with Mobile number
Toast Message: Success
Passenger updated successfully 13%
Test Case CM_TC_01 Passed: Passenger updated successfully.
Remove button clicked successfully!
Toast Message: Success
Passenger removed successfully 25%
Test Case CM_TC_01 Passed: Passenger removed successfully.]]>
    </system-out>
  </testcase> <!-- passengeredit -->
  <testcase classname="sevilai_Test.Passenger_Edit" name="testLogin" time="6.782">
    <system-out>
      <![CDATA[Test Case ID: LP_TC_02 - PASSED: Home page is successfully displayed.]]>
    </system-out>
  </testcase> <!-- testLogin -->
  <system-out>
    <![CDATA[PASSED: Login page is successfully displayed.
Test Case ID: LP_TC_02 - PASSED: Home page is successfully displayed.
PASSED: Company page is successfully loaded with URL: https://staging.sevilaitech.app/home/company
PASSED: Edit button clicked for the company with Mobile number
Toast Message: Success
Passenger updated successfully 13%
Test Case CM_TC_01 Passed: Passenger updated successfully.
Remove button clicked successfully!
Toast Message: Success
Passenger removed successfully 25%
Test Case CM_TC_01 Passed: Passenger removed successfully.]]>
  </system-out>
</testsuite> <!-- sevilai_Test.Passenger_Edit -->
