<?xml version="1.0" encoding="UTF-8"?>
<!-- Generated by org.testng.reporters.JUnitReportReporter -->
<testsuite hostname="KADITPC062024-1" failures="0" tests="5" name="sevilai_Test.VehicleNegativeScenario" time="37.190" errors="0" timestamp="2025-01-10T12:09:24 IST" skipped="0">
  <testcase classname="sevilai_Test.VehicleNegativeScenario" name="testLogin" time="6.632">
    <system-out>
      <![CDATA[Test Case ID: LP_TC_02 - PASSED: Home page is successfully displayed.]]>
    </system-out>
  </testcase> <!-- testLogin -->
  <testcase classname="sevilai_Test.VehicleNegativeScenario" name="testVehicleNegativeScenarios" time="7.052">
    <system-out>
      <![CDATA[PASSED: Vehicle page is successfully displayed.
Test Case VN_TC_03 Passed: Vehicle Number is required
- PASSED: Home page is successfully displayed.]]>
    </system-out>
  </testcase> <!-- testVehicleNegativeScenarios -->
  <testcase classname="sevilai_Test.VehicleNegativeScenario" name="testVehicleNegativeScenarios" time="10.353">
    <system-out>
      <![CDATA[PASSED: Vehicle page is successfully displayed.
Test Case VN_TC_01 Passed: Vehicle number is already exists
- PASSED: Home page is successfully displayed.]]>
    </system-out>
  </testcase> <!-- testVehicleNegativeScenarios -->
  <testcase classname="sevilai_Test.VehicleNegativeScenario" name="testVehicleNegativeScenarios" time="6.306">
    <system-out>
      <![CDATA[PASSED: Vehicle page is successfully displayed.
Test Case VN_TC_02 Passed: Vehicle Number is required
Test Case VN_TC_02 Passed: Vehicle Capacity is required
Test Case VN_TC_02 Passed: Both 'Vehicle Number is required' and 'Vehicle Capacity is required' messages are displayed
- PASSED: Home page is successfully displayed.]]>
    </system-out>
  </testcase> <!-- testVehicleNegativeScenarios -->
  <testcase classname="sevilai_Test.VehicleNegativeScenario" name="testVehicleNegativeScenarios" time="6.847">
    <system-out>
      <![CDATA[PASSED: Vehicle page is successfully displayed.
Test Case VN_TC_04 Passed: Vehicle Capacity is required
- PASSED: Home page is successfully displayed.]]>
    </system-out>
  </testcase> <!-- testVehicleNegativeScenarios -->
  <system-out>
    <![CDATA[PASSED: Login page is successfully displayed.
Test Case ID: LP_TC_02 - PASSED: Home page is successfully displayed.
PASSED: Vehicle page is successfully displayed.
Test Case VN_TC_01 Passed: Vehicle number is already exists
- PASSED: Home page is successfully displayed.
PASSED: Vehicle page is successfully displayed.
Test Case VN_TC_02 Passed: Vehicle Number is required
Test Case VN_TC_02 Passed: Vehicle Capacity is required
Test Case VN_TC_02 Passed: Both 'Vehicle Number is required' and 'Vehicle Capacity is required' messages are displayed
- PASSED: Home page is successfully displayed.
PASSED: Vehicle page is successfully displayed.
Test Case VN_TC_03 Passed: Vehicle Number is required
- PASSED: Home page is successfully displayed.
PASSED: Vehicle page is successfully displayed.
Test Case VN_TC_04 Passed: Vehicle Capacity is required
- PASSED: Home page is successfully displayed.
PASSED: Login page is successfully displayed.
Test Case ID: LP_TC_02 - PASSED: Home page is successfully displayed.]]>
  </system-out>
</testsuite> <!-- sevilai_Test.VehicleNegativeScenario -->
