<?xml version="1.0" encoding="UTF-8"?>
<!-- Generated by org.testng.reporters.JUnitReportReporter -->
<testsuite hostname="KADITPC062024-1" failures="0" tests="7" name="sevilai_Test.Login_NegativeTest" time="98.467" errors="0" timestamp="2025-01-09T20:19:19 IST" skipped="0">
  <testcase classname="sevilai_Test.Login_NegativeTest" name="testNegativeLogin" time="15.618">
    <system-out>
      <![CDATA[LN_TC_02 - Incorrect password - Incorrect password
Actual Error Message (Cleaned): Incorrect password]]>
    </system-out>
  </testcase> <!-- testNegativeLogin -->
  <testcase classname="sevilai_Test.Login_NegativeTest" name="testNegativeLogin" time="11.873">
    <system-out>
      <![CDATA[LN_TC_05 - Password Field as Empty - Every field must be filled in
Actual Error Message (Cleaned): Every field must be filled in]]>
    </system-out>
  </testcase> <!-- testNegativeLogin -->
  <testcase classname="sevilai_Test.Login_NegativeTest" name="testNegativeLogin" time="12.791">
    <system-out>
      <![CDATA[LN_TC_04 - Email Field as Empty - Every field must be filled in
Actual Error Message (Cleaned): Every field must be filled in]]>
    </system-out>
  </testcase> <!-- testNegativeLogin -->
  <testcase classname="sevilai_Test.Login_NegativeTest" name="testNegativeLogin" time="13.216">
    <system-out>
      <![CDATA[LN_TC_06 - Both fields empty - Every field must be filled in
Actual Error Message (Cleaned): Every field must be filled in]]>
    </system-out>
  </testcase> <!-- testNegativeLogin -->
  <testcase classname="sevilai_Test.Login_NegativeTest" name="testNegativeLogin" time="14.425">
    <system-out>
      <![CDATA[LN_TC_07 - SQL injection - Please Enter the Valid Email
Actual Error Message (Cleaned): Please Enter the Valid Email]]>
    </system-out>
  </testcase> <!-- testNegativeLogin -->
  <testcase classname="sevilai_Test.Login_NegativeTest" name="testNegativeLogin" time="15.519">
    <system-out>
      <![CDATA[LN_TC_01 - Both are Wrong - User does not exist.
Actual Error Message (Cleaned): User does not exist.]]>
    </system-out>
  </testcase> <!-- testNegativeLogin -->
  <testcase classname="sevilai_Test.Login_NegativeTest" name="testNegativeLogin" time="15.025">
    <system-out>
      <![CDATA[LN_TC_03 - Incorrect email - User does not exist.
Actual Error Message (Cleaned): User does not exist.]]>
    </system-out>
  </testcase> <!-- testNegativeLogin -->
  <system-out>
    <![CDATA[LN_TC_01 - Both are Wrong - User does not exist.
Actual Error Message (Cleaned): User does not exist.
LN_TC_02 - Incorrect password - Incorrect password
Actual Error Message (Cleaned): Incorrect password
LN_TC_03 - Incorrect email - User does not exist.
Actual Error Message (Cleaned): User does not exist.
LN_TC_04 - Email Field as Empty - Every field must be filled in
Actual Error Message (Cleaned): Every field must be filled in
LN_TC_05 - Password Field as Empty - Every field must be filled in
Actual Error Message (Cleaned): Every field must be filled in
LN_TC_06 - Both fields empty - Every field must be filled in
Actual Error Message (Cleaned): Every field must be filled in
LN_TC_07 - SQL injection - Please Enter the Valid Email
Actual Error Message (Cleaned): Please Enter the Valid Email]]>
  </system-out>
</testsuite> <!-- sevilai_Test.Login_NegativeTest -->
