<?xml version="1.0" encoding="UTF-8"?>
<!-- Generated by org.testng.reporters.JUnitReportReporter -->
<testsuite hostname="KADITPC062024-1" failures="0" tests="7" name="sevilai_Test.LoginNegativeScript" time="92.539" errors="0" timestamp="2025-01-10T11:42:37 IST" skipped="0">
  <testcase classname="sevilai_Test.LoginNegativeScript" name="testNegativeLogin" time="11.765"/>
  <testcase classname="sevilai_Test.LoginNegativeScript" name="testNegativeLogin" time="12.190"/>
  <testcase classname="sevilai_Test.LoginNegativeScript" name="testNegativeLogin" time="16.455"/>
  <testcase classname="sevilai_Test.LoginNegativeScript" name="testNegativeLogin" time="15.912"/>
  <testcase classname="sevilai_Test.LoginNegativeScript" name="testNegativeLogin" time="12.018"/>
  <testcase classname="sevilai_Test.LoginNegativeScript" name="testNegativeLogin" time="10.285"/>
  <testcase classname="sevilai_Test.LoginNegativeScript" name="testNegativeLogin" time="13.914"/>
</testsuite> <!-- sevilai_Test.LoginNegativeScript -->
