<?xml version="1.0" encoding="UTF-8"?>
<!-- Generated by org.testng.reporters.JUnitReportReporter -->
<testsuite hostname="KADITPC062024-1" failures="0" tests="1" name="sevilaitest.SevilaiVehAddTest" time="31.288" errors="0" timestamp="2025-02-18T16:11:09 IST" skipped="0">
  <testcase classname="sevilaitest.SevilaiVehAddTest" name="sevilaiadd" time="31.288">
    <system-out>
      <![CDATA[PASSED: Vehicle page is successfully displayed.
Toast Message: Success
Vehicle added successfully 12%
Vehicle with capacity 20 and number vehi1 added successfully.
Toast Message: Success
Vehicle added successfully 12%
Vehicle with capacity 20 and number vehi2 added successfully.
Toast Message: Success
Vehicle added successfully 13%
Vehicle with capacity 30 and number vehi3 added successfully.
Toast Message: Success
Vehicle added successfully 13%
Vehicle with capacity 40 and number vehi4 added successfully.
Test Case SVA_TC_01 Passed: All vehicles added successfully.]]>
    </system-out>
  </testcase> <!-- sevilaiadd -->
  <system-out>
    <![CDATA[PASSED: Vehicle page is successfully displayed.
Toast Message: Success
Vehicle added successfully 12%
Vehicle with capacity 20 and number vehi1 added successfully.
Toast Message: Success
Vehicle added successfully 12%
Vehicle with capacity 20 and number vehi2 added successfully.
Toast Message: Success
Vehicle added successfully 13%
Vehicle with capacity 30 and number vehi3 added successfully.
Toast Message: Success
Vehicle added successfully 13%
Vehicle with capacity 40 and number vehi4 added successfully.
Test Case SVA_TC_01 Passed: All vehicles added successfully.
PASSED: Vehicle page is successfully displayed.
Edit button clicked successfully!
Toast Message: Success
Vehicle updated successfully 12%
Test Case SVE_TC_01 Passed: Vehicle updated successfully.]]>
  </system-out>
</testsuite> <!-- sevilaitest.SevilaiVehAddTest -->
