<?xml version="1.0" encoding="UTF-8"?>
<!-- Generated by org.testng.reporters.JUnitReportReporter -->
<testsuite hostname="KADITPC062024-1" failures="0" tests="3" name="sevilai_New.Super_Admin_Test" time="34.993" errors="0" timestamp="2024-12-25T15:20:01 IST" skipped="0">
  <testcase classname="sevilai_New.Super_Admin_Test" name="testLogin" time="13.995">
    <system-out>
      <![CDATA[Test Case ID: LP_TC_02 - PASSED: Home page is successfully displayed.]]>
    </system-out>
  </testcase> <!-- testLogin -->
  <testcase classname="sevilai_New.Super_Admin_Test" name="editSuperAdmin" time="11.539">
    <system-out>
      <![CDATA[Navigated to Admin tab.
Toast Message: Success
Admin updated successfully 18%]]>
    </system-out>
  </testcase> <!-- editSuperAdmin -->
  <testcase classname="sevilai_New.Super_Admin_Test" name="addSuperAdmin" time="9.459">
    <system-out>
      <![CDATA[Navigated to Admin tab.
Toast Message: Success
Admin added successfully 21%]]>
    </system-out>
  </testcase> <!-- addSuperAdmin -->
  <system-out>
    <![CDATA[Test Case ID: LP_TC_02 - PASSED: Home page is successfully displayed.
Navigated to Admin tab.
Toast Message: Success
Admin added successfully 21%
Navigated to Admin tab.
Toast Message: Success
Admin updated successfully 18%]]>
  </system-out>
</testsuite> <!-- sevilai_New.Super_Admin_Test -->
