<?xml version="1.0" encoding="UTF-8"?>
<!-- Generated by org.testng.reporters.JUnitReportReporter -->
<testsuite hostname="KADITPC062024-1" failures="0" tests="5" name="sevilai_Test.SevilaiVehicleEditNegativeFlow" time="76.697" errors="0" timestamp="2025-01-13T15:58:07 IST" skipped="0">
  <testcase classname="sevilai_Test.SevilaiVehicleEditNegativeFlow" name="testLogin" time="6.736"/>
  <testcase classname="sevilai_Test.SevilaiVehicleEditNegativeFlow" name="testVehicleNegativeScenarios" time="28.322">
    <system-out>
      <![CDATA[PASSED: Vehicle page is successfully displayed.
Edit button clicked successfully for vehicle: HFG523
Test Case VN_TC_01 Passed: Vehicle number is already exists]]>
    </system-out>
  </testcase> <!-- testVehicleNegativeScenarios -->
  <testcase classname="sevilai_Test.SevilaiVehicleEditNegativeFlow" name="testVehicleNegativeScenarios" time="13.597">
    <system-out>
      <![CDATA[Edit button clicked successfully for vehicle: 
Test Case VN_TC_03 Passed: Vehicle Number is required]]>
    </system-out>
  </testcase> <!-- testVehicleNegativeScenarios -->
  <testcase classname="sevilai_Test.SevilaiVehicleEditNegativeFlow" name="testVehicleNegativeScenarios" time="15.257">
    <system-out>
      <![CDATA[Edit button clicked successfully for vehicle: ABC123
Test Case VN_TC_04 Passed: Vehicle Capacity is required]]>
    </system-out>
  </testcase> <!-- testVehicleNegativeScenarios -->
  <testcase classname="sevilai_Test.SevilaiVehicleEditNegativeFlow" name="testVehicleNegativeScenarios" time="12.785">
    <system-out>
      <![CDATA[Edit button clicked successfully for vehicle: 
Test Case VN_TC_02 Passed: Vehicle Number is required
Test Case VN_TC_02 Passed: Vehicle Capacity is required]]>
    </system-out>
  </testcase> <!-- testVehicleNegativeScenarios -->
  <system-out>
    <![CDATA[PASSED: Vehicle page is successfully displayed.
Edit button clicked successfully for vehicle: HFG523
Test Case VN_TC_01 Passed: Vehicle number is already exists
Edit button clicked successfully for vehicle: 
Test Case VN_TC_02 Passed: Vehicle Number is required
Test Case VN_TC_02 Passed: Vehicle Capacity is required
Edit button clicked successfully for vehicle: 
Test Case VN_TC_03 Passed: Vehicle Number is required
Edit button clicked successfully for vehicle: ABC123
Test Case VN_TC_04 Passed: Vehicle Capacity is required]]>
  </system-out>
</testsuite> <!-- sevilai_Test.SevilaiVehicleEditNegativeFlow -->
