<?xml version="1.0" encoding="UTF-8"?>
<!-- Generated by org.testng.reporters.JUnitReportReporter -->
<testsuite hostname="KADITPC062024-1" failures="0" tests="1" name="sevilai_Test.Dummy_Test" time="0.009" errors="0" timestamp="2025-02-18T11:34:51 IST" skipped="0">
  <testcase classname="sevilai_Test.Dummy_Test" name="verifySuiteExecution" time="0.009"/>
</testsuite> <!-- sevilai_Test.Dummy_Test -->
