<?xml version="1.0" encoding="UTF-8"?>
<!-- Generated by org.testng.reporters.JUnitReportReporter -->
<testsuite hostname="KADITPC062024-1" failures="0" tests="1" name="sevilai_Test.SevilaiDriverAdd" time="24.258" errors="0" timestamp="2025-02-13T13:01:00 IST" skipped="0">
  <testcase classname="sevilai_Test.SevilaiDriverAdd" name="sevilaidriveradd" time="24.258">
    <system-out>
      <![CDATA[PASSED: Driver page is successfully displayed.
Toast Message: Success
Driver added successfully 11%
Test Case SDA_TC_01 Passed: Driver added successfully.
Toast Message: Success
Driver added successfully 10%
Test Case SDA_TC_01 Passed: Driver added successfully.]]>
    </system-out>
  </testcase> <!-- sevilaidriveradd -->
  <system-out>
    <![CDATA[PASSED: Vehicle page is successfully displayed.
Toast Message: Success
Vehicle added successfully 11%
Vehicle with capacity 20 and number vehi1 added successfully.
Toast Message: Success
Vehicle added successfully 10%
Vehicle with capacity 20 and number vehi2 added successfully.
Toast Message: Success
Vehicle added successfully 9%
Vehicle with capacity 30 and number vehi3 added successfully.
Toast Message: Success
Vehicle added successfully 11%
Vehicle with capacity 40 and number vehi4 added successfully.
Test Case SVA_TC_01 Passed: All vehicles added successfully.
PASSED: Vehicle page is successfully displayed.
Edit button clicked successfully!
Toast Message: Success
Vehicle updated successfully 9%
Test Case SVE_TC_01 Passed: Vehicle updated successfully.
Remove button clicked successfully!
Vehicle removed successfully
Toast Message: Success
Vehicle removed successfully 12%
Test Case SVRA_TC_01 Passed: Vehicle removed successfully.
PASSED: Driver page is successfully displayed.
Toast Message: Success
Driver added successfully 11%
Test Case SDA_TC_01 Passed: Driver added successfully.
Toast Message: Success
Driver added successfully 10%
Test Case SDA_TC_01 Passed: Driver added successfully.
PASSED: Driver page is successfully displayed.
Toast Message: Success
Driver updated successfully 10%
Test Case SDA_TC_02 Passed: Driver updated successfully.
PASSED: Driver page is successfully displayed.
PASSED: Driver page is successfully displayed.
Toast Message: Success
Driver updated successfully 11%
Test Case CDA_TC_02 Passed: Driver updated successfully.
Remove button clicked successfully!
Vehicle removed successfully]]>
  </system-out>
</testsuite> <!-- sevilai_Test.SevilaiDriverAdd -->
