<?xml version="1.0" encoding="UTF-8"?>
<!-- Generated by org.testng.reporters.JUnitReportReporter -->
<testsuite hostname="KADITPC062024-1" failures="0" tests="1" name="sevilai_Test.SevilaiContractDriver" time="29.584" errors="0" timestamp="2024-12-18T14:16:25 IST" skipped="0">
  <testcase classname="sevilai_Test.SevilaiContractDriver" name="setup" time="29.584">
    <system-out>
      <![CDATA[Toast Message: Success
Driver added successfully 23%
Test Case DP_TC_02 Passed: Driver added successfully.]]>
    </system-out>
  </testcase> <!-- setup -->
  <system-out>
    <![CDATA[Toast Message: Success
Driver added successfully 23%
Test Case DP_TC_02 Passed: Driver added successfully.]]>
  </system-out>
</testsuite> <!-- sevilai_Test.SevilaiContractDriver -->
